<?xml version="1.0" encoding="UTF-8"?>
<testsuite xmlns:xsi="http://www.w3.org/2001/XMLSchema-instance" xsi:noNamespaceSchemaLocation="https://maven.apache.org/surefire/maven-surefire-plugin/xsd/surefire-test-report-3.0.xsd" version="3.0" name="TestSuite" time="3.313" tests="1" errors="0" skipped="0" failures="0">
  <properties>
    <property name="java.specification.version" value="21"/>
    <property name="sun.cpu.isalist" value="amd64"/>
    <property name="sun.jnu.encoding" value="Cp1252"/>
    <property name="java.class.path" value="C:\workspace\DemoAPIFramework\target\test-classes;C:\workspace\DemoAPIFramework\target\classes;C:\Users\prachand\.m2\repository\io\rest-assured\rest-assured\5.5.0\rest-assured-5.5.0.jar;C:\Users\prachand\.m2\repository\org\apache\groovy\groovy\4.0.22\groovy-4.0.22.jar;C:\Users\prachand\.m2\repository\org\apache\groovy\groovy-xml\4.0.22\groovy-xml-4.0.22.jar;C:\Users\prachand\.m2\repository\org\apache\httpcomponents\httpclient\4.5.13\httpclient-4.5.13.jar;C:\Users\prachand\.m2\repository\org\apache\httpcomponents\httpcore\4.4.13\httpcore-4.4.13.jar;C:\Users\prachand\.m2\repository\commons-logging\commons-logging\1.2\commons-logging-1.2.jar;C:\Users\prachand\.m2\repository\commons-codec\commons-codec\1.11\commons-codec-1.11.jar;C:\Users\prachand\.m2\repository\org\apache\httpcomponents\httpmime\4.5.13\httpmime-4.5.13.jar;C:\Users\prachand\.m2\repository\org\hamcrest\hamcrest\2.2\hamcrest-2.2.jar;C:\Users\prachand\.m2\repository\org\ccil\cowan\tagsoup\tagsoup\1.2.1\tagsoup-1.2.1.jar;C:\Users\prachand\.m2\repository\io\rest-assured\json-path\5.5.0\json-path-5.5.0.jar;C:\Users\prachand\.m2\repository\org\apache\groovy\groovy-json\4.0.22\groovy-json-4.0.22.jar;C:\Users\prachand\.m2\repository\io\rest-assured\rest-assured-common\5.5.0\rest-assured-common-5.5.0.jar;C:\Users\prachand\.m2\repository\io\rest-assured\xml-path\5.5.0\xml-path-5.5.0.jar;C:\Users\prachand\.m2\repository\org\apache\commons\commons-lang3\3.11\commons-lang3-3.11.jar;C:\Users\prachand\.m2\repository\org\testng\testng\7.10.1\testng-7.10.1.jar;C:\Users\prachand\.m2\repository\org\slf4j\slf4j-api\1.7.36\slf4j-api-1.7.36.jar;C:\Users\prachand\.m2\repository\com\beust\jcommander\1.82\jcommander-1.82.jar;C:\Users\prachand\.m2\repository\org\webjars\jquery\3.7.1\jquery-3.7.1.jar;C:\Users\prachand\.m2\repository\com\fasterxml\jackson\core\jackson-databind\2.18.2\jackson-databind-2.18.2.jar;C:\Users\prachand\.m2\repository\com\fasterxml\jackson\core\jackson-annotations\2.18.2\jackson-annotations-2.18.2.jar;C:\Users\prachand\.m2\repository\com\fasterxml\jackson\core\jackson-core\2.18.2\jackson-core-2.18.2.jar;C:\Users\prachand\.m2\repository\org\apache\logging\log4j\log4j-api\2.20.0\log4j-api-2.20.0.jar;C:\Users\prachand\.m2\repository\org\apache\logging\log4j\log4j-core\2.20.0\log4j-core-2.20.0.jar;"/>
    <property name="java.vm.vendor" value="Oracle Corporation"/>
    <property name="sun.arch.data.model" value="64"/>
    <property name="user.variant" value=""/>
    <property name="java.vendor.url" value="https://java.oracle.com/"/>
    <property name="user.timezone" value="America/Los_Angeles"/>
    <property name="os.name" value="Windows 11"/>
    <property name="java.vm.specification.version" value="21"/>
    <property name="sun.java.launcher" value="SUN_STANDARD"/>
    <property name="user.country" value="US"/>
    <property name="sun.boot.library.path" value="C:\Program Files\Java\jdk-21\bin"/>
    <property name="sun.java.command" value="C:\Users\prachand\AppData\Local\Temp\surefire17007542288461127439\surefirebooter16394199649310267929.jar C:\Users\prachand\AppData\Local\Temp\surefire17007542288461127439 2025-02-10T14-20-28_318-jvmRun1 surefire2251969567983946345tmp surefire_03003034570350425904tmp"/>
    <property name="jdk.debug" value="release"/>
    <property name="surefire.test.class.path" value="C:\workspace\DemoAPIFramework\target\test-classes;C:\workspace\DemoAPIFramework\target\classes;C:\Users\prachand\.m2\repository\io\rest-assured\rest-assured\5.5.0\rest-assured-5.5.0.jar;C:\Users\prachand\.m2\repository\org\apache\groovy\groovy\4.0.22\groovy-4.0.22.jar;C:\Users\prachand\.m2\repository\org\apache\groovy\groovy-xml\4.0.22\groovy-xml-4.0.22.jar;C:\Users\prachand\.m2\repository\org\apache\httpcomponents\httpclient\4.5.13\httpclient-4.5.13.jar;C:\Users\prachand\.m2\repository\org\apache\httpcomponents\httpcore\4.4.13\httpcore-4.4.13.jar;C:\Users\prachand\.m2\repository\commons-logging\commons-logging\1.2\commons-logging-1.2.jar;C:\Users\prachand\.m2\repository\commons-codec\commons-codec\1.11\commons-codec-1.11.jar;C:\Users\prachand\.m2\repository\org\apache\httpcomponents\httpmime\4.5.13\httpmime-4.5.13.jar;C:\Users\prachand\.m2\repository\org\hamcrest\hamcrest\2.2\hamcrest-2.2.jar;C:\Users\prachand\.m2\repository\org\ccil\cowan\tagsoup\tagsoup\1.2.1\tagsoup-1.2.1.jar;C:\Users\prachand\.m2\repository\io\rest-assured\json-path\5.5.0\json-path-5.5.0.jar;C:\Users\prachand\.m2\repository\org\apache\groovy\groovy-json\4.0.22\groovy-json-4.0.22.jar;C:\Users\prachand\.m2\repository\io\rest-assured\rest-assured-common\5.5.0\rest-assured-common-5.5.0.jar;C:\Users\prachand\.m2\repository\io\rest-assured\xml-path\5.5.0\xml-path-5.5.0.jar;C:\Users\prachand\.m2\repository\org\apache\commons\commons-lang3\3.11\commons-lang3-3.11.jar;C:\Users\prachand\.m2\repository\org\testng\testng\7.10.1\testng-7.10.1.jar;C:\Users\prachand\.m2\repository\org\slf4j\slf4j-api\1.7.36\slf4j-api-1.7.36.jar;C:\Users\prachand\.m2\repository\com\beust\jcommander\1.82\jcommander-1.82.jar;C:\Users\prachand\.m2\repository\org\webjars\jquery\3.7.1\jquery-3.7.1.jar;C:\Users\prachand\.m2\repository\com\fasterxml\jackson\core\jackson-databind\2.18.2\jackson-databind-2.18.2.jar;C:\Users\prachand\.m2\repository\com\fasterxml\jackson\core\jackson-annotations\2.18.2\jackson-annotations-2.18.2.jar;C:\Users\prachand\.m2\repository\com\fasterxml\jackson\core\jackson-core\2.18.2\jackson-core-2.18.2.jar;C:\Users\prachand\.m2\repository\org\apache\logging\log4j\log4j-api\2.20.0\log4j-api-2.20.0.jar;C:\Users\prachand\.m2\repository\org\apache\logging\log4j\log4j-core\2.20.0\log4j-core-2.20.0.jar;"/>
    <property name="sun.cpu.endian" value="little"/>
    <property name="user.home" value="C:\Users\prachand"/>
    <property name="user.language" value="en"/>
    <property name="java.specification.vendor" value="Oracle Corporation"/>
    <property name="java.version.date" value="2025-01-21"/>
    <property name="java.home" value="C:\Program Files\Java\jdk-21"/>
    <property name="file.separator" value="\"/>
    <property name="basedir" value="C:\workspace\DemoAPIFramework"/>
    <property name="java.vm.compressedOopsMode" value="Zero based"/>
    <property name="line.separator" value="&#10;"/>
    <property name="java.vm.specification.vendor" value="Oracle Corporation"/>
    <property name="java.specification.name" value="Java Platform API Specification"/>
    <property name="surefire.real.class.path" value="C:\Users\prachand\AppData\Local\Temp\surefire17007542288461127439\surefirebooter16394199649310267929.jar"/>
    <property name="user.script" value=""/>
    <property name="sun.management.compiler" value="HotSpot 64-Bit Tiered Compilers"/>
    <property name="java.runtime.version" value="21.0.6+8-LTS-188"/>
    <property name="user.name" value="prachand"/>
    <property name="stdout.encoding" value="Cp1252"/>
    <property name="path.separator" value=";"/>
    <property name="os.version" value="10.0"/>
    <property name="java.runtime.name" value="Java(TM) SE Runtime Environment"/>
    <property name="file.encoding" value="UTF-8"/>
    <property name="java.vm.name" value="Java HotSpot(TM) 64-Bit Server VM"/>
    <property name="localRepository" value="C:\Users\prachand\.m2\repository"/>
    <property name="java.vendor.url.bug" value="https://bugreport.java.com/bugreport/"/>
    <property name="java.io.tmpdir" value="C:\Users\prachand\AppData\Local\Temp\"/>
    <property name="java.version" value="21.0.6"/>
    <property name="user.dir" value="C:\workspace\DemoAPIFramework"/>
    <property name="os.arch" value="amd64"/>
    <property name="java.vm.specification.name" value="Java Virtual Machine Specification"/>
    <property name="sun.os.patch.level" value=""/>
    <property name="native.encoding" value="Cp1252"/>
    <property name="java.library.path" value="C:\Program Files\Java\jdk-21\bin;C:\WINDOWS\Sun\Java\bin;C:\WINDOWS\system32;C:\WINDOWS;C:\Program Files\Common Files\Oracle\Java\javapath;C:\Program Files (x86)\Common Files\Oracle\Java\java8path;C:\Program Files (x86)\Common Files\Oracle\Java\javapath;C:\WINDOWS\system32;C:\WINDOWS;C:\WINDOWS\System32\Wbem;C:\WINDOWS\System32\WindowsPowerShell\v1.0\;C:\WINDOWS\System32\OpenSSH\;C:\Program Files\Java\jdk-17\bin;C:\Program Files\Amazon\AWSCLIV2\;C:\M2\apache-maven-3.9.6\bin;C:\Program Files\nodejs\;C:\Program Files\Java\jdk-21;C:\Program Files\Git\cmd;C:\Users\prachand\AppData\Local\anaconda3;C:\Users\prachand\AppData\Local\anaconda3\Library\mingw-w64\bin;C:\Users\prachand\AppData\Local\anaconda3\Library\usr\bin;C:\Users\prachand\AppData\Local\anaconda3\Library\bin;C:\Users\prachand\AppData\Local\anaconda3\Scripts;C:\Users\prachand\AppData\Local\Microsoft\WindowsApps;C:\Users\prachand\AppData\Local\Programs\Microsoft VS Code\bin;C:\M2\apache-maven-3.9.6;C:\Users\prachand\AppData\Roaming\npm;."/>
    <property name="suite" value="suite"/>
    <property name="java.vm.info" value="mixed mode, sharing"/>
    <property name="stderr.encoding" value="Cp1252"/>
    <property name="java.vendor" value="Oracle Corporation"/>
    <property name="java.vm.version" value="21.0.6+8-LTS-188"/>
    <property name="sun.io.unicode.encoding" value="UnicodeLittle"/>
    <property name="java.class.version" value="65.0"/>
  </properties>
  <testcase name="loginAPI" classname="com.api.tests.InitialAPITest" time="2.351">
    <system-out><![CDATA[14:20:29.945 [main] INFO  com.api.listeners.TestListener - Test Suite started! 
14:20:31.194 [main] INFO  com.api.filters.LoggingFilter - BASE URI:http://64.227.160.186:8080
14:20:31.194 [main] INFO  com.api.filters.LoggingFilter - Request Header:Accept=*/*
Content-Type=application/json
14:20:31.194 [main] INFO  com.api.filters.LoggingFilter - Request PayLoad:{"username":"uday1234","password":"uday12345"}
14:20:32.235 [main] INFO  com.api.filters.LoggingFilter - STATUS CODE:200
14:20:32.235 [main] INFO  com.api.filters.LoggingFilter - Response Header :Vary=Origin
Vary=Access-Control-Request-Method
Vary=Access-Control-Request-Headers
Access-Control-Allow-Origin=https://swift.techwithjatin.com
Access-Control-Allow-Methods=GET, POST, PUT, DELETE, OPTIONS
Access-Control-Max-Age=3600
Access-Control-Allow-Headers=Authorization, Content-Type, Accept
Access-Control-Allow-Credentials=true
X-Content-Type-Options=nosniff
X-XSS-Protection=0
Cache-Control=no-cache, no-store, max-age=0, must-revalidate
Pragma=no-cache
Expires=0
X-Frame-Options=DENY
Content-Type=application/json
Transfer-Encoding=chunked
Date=Mon, 10 Feb 2025 22:20:32 GMT
Keep-Alive=timeout=60
Connection=keep-alive
{
    "token": "eyJhbGciOiJIUzI1NiJ9.eyJzdWIiOiJ1ZGF5MTIzNCIsImlhdCI6MTczOTIyNjAzMiwiZXhwIjoxNzM5MjI5NjMyfQ.3h7e9RGmCwxxEXGi9FR6O56nD0R2q_KuCepBaUckY6I",
    "type": "Bearer",
    "id": 1,
    "username": "uday1234",
    "email": "disha1234@gmail.com",
    "roles": [
        "ROLE_USER"
    ]
}
14:20:32.281 [main] INFO  com.api.filters.LoggingFilter - Request Body:{
    "token": "eyJhbGciOiJIUzI1NiJ9.eyJzdWIiOiJ1ZGF5MTIzNCIsImlhdCI6MTczOTIyNjAzMiwiZXhwIjoxNzM5MjI5NjMyfQ.3h7e9RGmCwxxEXGi9FR6O56nD0R2q_KuCepBaUckY6I",
    "type": "Bearer",
    "id": 1,
    "username": "uday1234",
    "email": "disha1234@gmail.com",
    "roles": [
        "ROLE_USER"
    ]
}
{
    "token": "eyJhbGciOiJIUzI1NiJ9.eyJzdWIiOiJ1ZGF5MTIzNCIsImlhdCI6MTczOTIyNjAzMiwiZXhwIjoxNzM5MjI5NjMyfQ.3h7e9RGmCwxxEXGi9FR6O56nD0R2q_KuCepBaUckY6I",
    "type": "Bearer",
    "id": 1,
    "username": "uday1234",
    "email": "disha1234@gmail.com",
    "roles": [
        "ROLE_USER"
    ]
}
{
    "token": "eyJhbGciOiJIUzI1NiJ9.eyJzdWIiOiJ1ZGF5MTIzNCIsImlhdCI6MTczOTIyNjAzMiwiZXhwIjoxNzM5MjI5NjMyfQ.3h7e9RGmCwxxEXGi9FR6O56nD0R2q_KuCepBaUckY6I",
    "type": "Bearer",
    "id": 1,
    "username": "uday1234",
    "email": "disha1234@gmail.com",
    "roles": [
        "ROLE_USER"
    ]
}
eyJhbGciOiJIUzI1NiJ9.eyJzdWIiOiJ1ZGF5MTIzNCIsImlhdCI6MTczOTIyNjAzMiwiZXhwIjoxNzM5MjI5NjMyfQ.3h7e9RGmCwxxEXGi9FR6O56nD0R2q_KuCepBaUckY6I
disha1234@gmail.com
uday1234
]]></system-out>
    <system-err><![CDATA[SLF4J: Failed to load class "org.slf4j.impl.StaticLoggerBinder".
SLF4J: Defaulting to no-operation (NOP) logger implementation
SLF4J: See http://www.slf4j.org/codes.html#StaticLoggerBinder for further details.
]]></system-err>
  </testcase>
</testsuite>