<?xml version="1.0" encoding="UTF-8"?>
<!-- Generated by org.testng.reporters.JUnitReportReporter -->
<testsuite hostname="DESKTOP-795M0GK" failures="0" tests="1" name="com.api.tests.InitialAPITest" time="2.367" errors="0" timestamp="2025-02-10T14:20:32 PST" skipped="0">
  <testcase classname="com.api.tests.InitialAPITest" name="loginAPI" time="2.367"/>
</testsuite> <!-- com.api.tests.InitialAPITest -->
